[KKoishi_ErrorLogger@LogLevel:ALL][2022-04-13 11:59:02]java.lang.NullPointerException: Cannot invoke "javax.swing.text.JTextComponent.getUI()" because "this.component" is null
[KKoishi_ErrorLogger@LogLevel:ALL][2022-04-13 11:59:02]	at java.desktop/javax.swing.text.DefaultHighlighter.removeAllHighlights(DefaultHighlighter.java:159)
[KKoishi_ErrorLogger@LogLevel:ALL][2022-04-13 11:59:02]	at top.kkoishi.easy.swing.FindPopup$1.popupMenuWillBecomeInvisible(FindPopup.java:97)
[KKoishi_ErrorLogger@LogLevel:ALL][2022-04-13 11:59:02]	at java.desktop/javax.swing.JPopupMenu.firePopupMenuWillBecomeInvisible(JPopupMenu.java:715)
[KKoishi_ErrorLogger@LogLevel:ALL][2022-04-13 11:59:02]	at java.desktop/javax.swing.JPopupMenu.setVisible(JPopupMenu.java:811)
[KKoishi_ErrorLogger@LogLevel:ALL][2022-04-13 11:59:02]	at java.desktop/javax.swing.JPopupMenu.menuSelectionChanged(JPopupMenu.java:1514)
[KKoishi_ErrorLogger@LogLevel:ALL][2022-04-13 11:59:02]	at java.desktop/javax.swing.MenuSelectionManager.setSelectedPath(MenuSelectionManager.java:128)
[KKoishi_ErrorLogger@LogLevel:ALL][2022-04-13 11:59:02]	at java.desktop/javax.swing.MenuSelectionManager.clearSelectedPath(MenuSelectionManager.java:160)
[KKoishi_ErrorLogger@LogLevel:ALL][2022-04-13 11:59:02]	at java.desktop/javax.swing.plaf.basic.BasicPopupMenuUI$MouseGrabber.cancelPopupMenu(BasicPopupMenuUI.java:960)
[KKoishi_ErrorLogger@LogLevel:ALL][2022-04-13 11:59:02]	at java.desktop/javax.swing.plaf.basic.BasicPopupMenuUI$MouseGrabber.eventDispatched(BasicPopupMenuUI.java:884)
[KKoishi_ErrorLogger@LogLevel:ALL][2022-04-13 11:59:02]	at java.desktop/java.awt.Toolkit$SelectiveAWTEventListener.eventDispatched(Toolkit.java:2197)
[KKoishi_ErrorLogger@LogLevel:ALL][2022-04-13 11:59:02]	at java.desktop/java.awt.Toolkit$ToolkitEventMulticaster.eventDispatched(Toolkit.java:2089)
[KKoishi_ErrorLogger@LogLevel:ALL][2022-04-13 11:59:02]	at java.desktop/java.awt.Toolkit.notifyAWTEventListeners(Toolkit.java:2045)
[KKoishi_ErrorLogger@LogLevel:ALL][2022-04-13 11:59:02]	at java.desktop/java.awt.Component.dispatchEventImpl(Component.java:4907)
[KKoishi_ErrorLogger@LogLevel:ALL][2022-04-13 11:59:02]	at java.desktop/java.awt.Container.dispatchEventImpl(Container.java:2324)
[KKoishi_ErrorLogger@LogLevel:ALL][2022-04-13 11:59:02]	at java.desktop/java.awt.Component.dispatchEvent(Component.java:4833)
[KKoishi_ErrorLogger@LogLevel:ALL][2022-04-13 11:59:02]	at java.desktop/java.awt.LightweightDispatcher.retargetMouseEvent(Container.java:4948)
[KKoishi_ErrorLogger@LogLevel:ALL][2022-04-13 11:59:02]	at java.desktop/java.awt.LightweightDispatcher.processMouseEvent(Container.java:4572)
[KKoishi_ErrorLogger@LogLevel:ALL][2022-04-13 11:59:02]	at java.desktop/java.awt.LightweightDispatcher.dispatchEvent(Container.java:4516)
[KKoishi_ErrorLogger@LogLevel:ALL][2022-04-13 11:59:02]	at java.desktop/java.awt.Container.dispatchEventImpl(Container.java:2310)
[KKoishi_ErrorLogger@LogLevel:ALL][2022-04-13 11:59:02]	at java.desktop/java.awt.Window.dispatchEventImpl(Window.java:2780)
[KKoishi_ErrorLogger@LogLevel:ALL][2022-04-13 11:59:02]	at java.desktop/java.awt.Component.dispatchEvent(Component.java:4833)
[KKoishi_ErrorLogger@LogLevel:ALL][2022-04-13 11:59:02]	at java.desktop/java.awt.EventQueue.dispatchEventImpl(EventQueue.java:773)
[KKoishi_ErrorLogger@LogLevel:ALL][2022-04-13 11:59:02]	at java.desktop/java.awt.EventQueue$4.run(EventQueue.java:722)
[KKoishi_ErrorLogger@LogLevel:ALL][2022-04-13 11:59:02]	at java.desktop/java.awt.EventQueue$4.run(EventQueue.java:716)
[KKoishi_ErrorLogger@LogLevel:ALL][2022-04-13 11:59:02]	at java.base/java.security.AccessController.doPrivileged(AccessController.java:399)
[KKoishi_ErrorLogger@LogLevel:ALL][2022-04-13 11:59:02]	at java.base/java.security.ProtectionDomain$JavaSecurityAccessImpl.doIntersectionPrivilege(ProtectionDomain.java:86)
[KKoishi_ErrorLogger@LogLevel:ALL][2022-04-13 11:59:02]	at java.base/java.security.ProtectionDomain$JavaSecurityAccessImpl.doIntersectionPrivilege(ProtectionDomain.java:97)
[KKoishi_ErrorLogger@LogLevel:ALL][2022-04-13 11:59:02]	at java.desktop/java.awt.EventQueue$5.run(EventQueue.java:746)
[KKoishi_ErrorLogger@LogLevel:ALL][2022-04-13 11:59:02]	at java.desktop/java.awt.EventQueue$5.run(EventQueue.java:744)
[KKoishi_ErrorLogger@LogLevel:ALL][2022-04-13 11:59:02]	at java.base/java.security.AccessController.doPrivileged(AccessController.java:399)
[KKoishi_ErrorLogger@LogLevel:ALL][2022-04-13 11:59:02]	at java.base/java.security.ProtectionDomain$JavaSecurityAccessImpl.doIntersectionPrivilege(ProtectionDomain.java:86)
[KKoishi_ErrorLogger@LogLevel:ALL][2022-04-13 11:59:02]	at java.desktop/java.awt.EventQueue.dispatchEvent(EventQueue.java:743)
[KKoishi_ErrorLogger@LogLevel:ALL][2022-04-13 11:59:02]	at java.desktop/java.awt.EventDispatchThread.pumpOneEventForFilters(EventDispatchThread.java:203)
[KKoishi_ErrorLogger@LogLevel:ALL][2022-04-13 11:59:02]	at java.desktop/java.awt.EventDispatchThread.pumpEventsForFilter(EventDispatchThread.java:124)
[KKoishi_ErrorLogger@LogLevel:ALL][2022-04-13 11:59:02]	at java.desktop/java.awt.EventDispatchThread.pumpEventsForHierarchy(EventDispatchThread.java:113)
[KKoishi_ErrorLogger@LogLevel:ALL][2022-04-13 11:59:02]	at java.desktop/java.awt.EventDispatchThread.pumpEvents(EventDispatchThread.java:109)
[KKoishi_ErrorLogger@LogLevel:ALL][2022-04-13 11:59:02]	at java.desktop/java.awt.EventDispatchThread.pumpEvents(EventDispatchThread.java:101)
[KKoishi_ErrorLogger@LogLevel:ALL][2022-04-13 11:59:02]	at java.desktop/java.awt.EventDispatchThread.run(EventDispatchThread.java:90)
[KKoishi_ErrorLogger@LogLevel:ALL][2022-04-13 11:59:50]java.lang.NullPointerException: Cannot invoke "javax.swing.text.JTextComponent.getUI()" because "this.component" is null
[KKoishi_ErrorLogger@LogLevel:ALL][2022-04-13 11:59:50]	at java.desktop/javax.swing.text.DefaultHighlighter.removeAllHighlights(DefaultHighlighter.java:159)
[KKoishi_ErrorLogger@LogLevel:ALL][2022-04-13 11:59:50]	at top.kkoishi.easy.swing.FindPopup$1.popupMenuWillBecomeInvisible(FindPopup.java:97)
[KKoishi_ErrorLogger@LogLevel:ALL][2022-04-13 11:59:50]	at java.desktop/javax.swing.JPopupMenu.firePopupMenuWillBecomeInvisible(JPopupMenu.java:715)
[KKoishi_ErrorLogger@LogLevel:ALL][2022-04-13 11:59:50]	at java.desktop/javax.swing.JPopupMenu.setVisible(JPopupMenu.java:811)
[KKoishi_ErrorLogger@LogLevel:ALL][2022-04-13 11:59:50]	at java.desktop/javax.swing.JPopupMenu.menuSelectionChanged(JPopupMenu.java:1514)
[KKoishi_ErrorLogger@LogLevel:ALL][2022-04-13 11:59:50]	at java.desktop/javax.swing.MenuSelectionManager.setSelectedPath(MenuSelectionManager.java:128)
[KKoishi_ErrorLogger@LogLevel:ALL][2022-04-13 11:59:50]	at java.desktop/javax.swing.MenuSelectionManager.clearSelectedPath(MenuSelectionManager.java:160)
[KKoishi_ErrorLogger@LogLevel:ALL][2022-04-13 11:59:50]	at java.desktop/javax.swing.plaf.basic.BasicPopupMenuUI$MouseGrabber.cancelPopupMenu(BasicPopupMenuUI.java:960)
[KKoishi_ErrorLogger@LogLevel:ALL][2022-04-13 11:59:50]	at java.desktop/javax.swing.plaf.basic.BasicPopupMenuUI$MouseGrabber.eventDispatched(BasicPopupMenuUI.java:884)
[KKoishi_ErrorLogger@LogLevel:ALL][2022-04-13 11:59:50]	at java.desktop/java.awt.Toolkit$SelectiveAWTEventListener.eventDispatched(Toolkit.java:2197)
[KKoishi_ErrorLogger@LogLevel:ALL][2022-04-13 11:59:50]	at java.desktop/java.awt.Toolkit$ToolkitEventMulticaster.eventDispatched(Toolkit.java:2089)
[KKoishi_ErrorLogger@LogLevel:ALL][2022-04-13 11:59:50]	at java.desktop/java.awt.Toolkit.notifyAWTEventListeners(Toolkit.java:2045)
[KKoishi_ErrorLogger@LogLevel:ALL][2022-04-13 11:59:50]	at java.desktop/java.awt.Component.dispatchEventImpl(Component.java:4907)
[KKoishi_ErrorLogger@LogLevel:ALL][2022-04-13 11:59:50]	at java.desktop/java.awt.Container.dispatchEventImpl(Container.java:2324)
[KKoishi_ErrorLogger@LogLevel:ALL][2022-04-13 11:59:50]	at java.desktop/java.awt.Component.dispatchEvent(Component.java:4833)
[KKoishi_ErrorLogger@LogLevel:ALL][2022-04-13 11:59:50]	at java.desktop/java.awt.LightweightDispatcher.retargetMouseEvent(Container.java:4948)
[KKoishi_ErrorLogger@LogLevel:ALL][2022-04-13 11:59:50]	at java.desktop/java.awt.LightweightDispatcher.processMouseEvent(Container.java:4572)
[KKoishi_ErrorLogger@LogLevel:ALL][2022-04-13 11:59:50]	at java.desktop/java.awt.LightweightDispatcher.dispatchEvent(Container.java:4516)
[KKoishi_ErrorLogger@LogLevel:ALL][2022-04-13 11:59:50]	at java.desktop/java.awt.Container.dispatchEventImpl(Container.java:2310)
[KKoishi_ErrorLogger@LogLevel:ALL][2022-04-13 11:59:50]	at java.desktop/java.awt.Window.dispatchEventImpl(Window.java:2780)
[KKoishi_ErrorLogger@LogLevel:ALL][2022-04-13 11:59:50]	at java.desktop/java.awt.Component.dispatchEvent(Component.java:4833)
[KKoishi_ErrorLogger@LogLevel:ALL][2022-04-13 11:59:50]	at java.desktop/java.awt.EventQueue.dispatchEventImpl(EventQueue.java:773)
[KKoishi_ErrorLogger@LogLevel:ALL][2022-04-13 11:59:50]	at java.desktop/java.awt.EventQueue$4.run(EventQueue.java:722)
[KKoishi_ErrorLogger@LogLevel:ALL][2022-04-13 11:59:50]	at java.desktop/java.awt.EventQueue$4.run(EventQueue.java:716)
[KKoishi_ErrorLogger@LogLevel:ALL][2022-04-13 11:59:50]	at java.base/java.security.AccessController.doPrivileged(AccessController.java:399)
[KKoishi_ErrorLogger@LogLevel:ALL][2022-04-13 11:59:50]	at java.base/java.security.ProtectionDomain$JavaSecurityAccessImpl.doIntersectionPrivilege(ProtectionDomain.java:86)
[KKoishi_ErrorLogger@LogLevel:ALL][2022-04-13 11:59:50]	at java.base/java.security.ProtectionDomain$JavaSecurityAccessImpl.doIntersectionPrivilege(ProtectionDomain.java:97)
[KKoishi_ErrorLogger@LogLevel:ALL][2022-04-13 11:59:50]	at java.desktop/java.awt.EventQueue$5.run(EventQueue.java:746)
[KKoishi_ErrorLogger@LogLevel:ALL][2022-04-13 11:59:50]	at java.desktop/java.awt.EventQueue$5.run(EventQueue.java:744)
[KKoishi_ErrorLogger@LogLevel:ALL][2022-04-13 11:59:50]	at java.base/java.security.AccessController.doPrivileged(AccessController.java:399)
[KKoishi_ErrorLogger@LogLevel:ALL][2022-04-13 11:59:50]	at java.base/java.security.ProtectionDomain$JavaSecurityAccessImpl.doIntersectionPrivilege(ProtectionDomain.java:86)
[KKoishi_ErrorLogger@LogLevel:ALL][2022-04-13 11:59:50]	at java.desktop/java.awt.EventQueue.dispatchEvent(EventQueue.java:743)
[KKoishi_ErrorLogger@LogLevel:ALL][2022-04-13 11:59:50]	at java.desktop/java.awt.EventDispatchThread.pumpOneEventForFilters(EventDispatchThread.java:203)
[KKoishi_ErrorLogger@LogLevel:ALL][2022-04-13 11:59:50]	at java.desktop/java.awt.EventDispatchThread.pumpEventsForFilter(EventDispatchThread.java:124)
[KKoishi_ErrorLogger@LogLevel:ALL][2022-04-13 11:59:50]	at java.desktop/java.awt.EventDispatchThread.pumpEventsForHierarchy(EventDispatchThread.java:113)
[KKoishi_ErrorLogger@LogLevel:ALL][2022-04-13 11:59:50]	at java.desktop/java.awt.EventDispatchThread.pumpEvents(EventDispatchThread.java:109)
[KKoishi_ErrorLogger@LogLevel:ALL][2022-04-13 11:59:50]	at java.desktop/java.awt.EventDispatchThread.pumpEvents(EventDispatchThread.java:101)
[KKoishi_ErrorLogger@LogLevel:ALL][2022-04-13 11:59:50]	at java.desktop/java.awt.EventDispatchThread.run(EventDispatchThread.java:90)
[KKoishi_ErrorLogger@LogLevel:ALL][2022-04-13 12:16:48]java.lang.NullPointerException: Cannot invoke "javax.swing.text.JTextComponent.getUI()" because "this.component" is null
[KKoishi_ErrorLogger@LogLevel:ALL][2022-04-13 12:16:48]	at java.desktop/javax.swing.text.DefaultHighlighter.removeAllHighlights(DefaultHighlighter.java:159)
[KKoishi_ErrorLogger@LogLevel:ALL][2022-04-13 12:16:48]	at top.kkoishi.easy.swing.FindPopup$1.popupMenuWillBecomeInvisible(FindPopup.java:96)
[KKoishi_ErrorLogger@LogLevel:ALL][2022-04-13 12:16:48]	at java.desktop/javax.swing.JPopupMenu.firePopupMenuWillBecomeInvisible(JPopupMenu.java:715)
[KKoishi_ErrorLogger@LogLevel:ALL][2022-04-13 12:16:48]	at java.desktop/javax.swing.JPopupMenu.setVisible(JPopupMenu.java:811)
[KKoishi_ErrorLogger@LogLevel:ALL][2022-04-13 12:16:48]	at java.desktop/javax.swing.JPopupMenu.menuSelectionChanged(JPopupMenu.java:1514)
[KKoishi_ErrorLogger@LogLevel:ALL][2022-04-13 12:16:48]	at java.desktop/javax.swing.MenuSelectionManager.setSelectedPath(MenuSelectionManager.java:128)
[KKoishi_ErrorLogger@LogLevel:ALL][2022-04-13 12:16:48]	at java.desktop/javax.swing.MenuSelectionManager.clearSelectedPath(MenuSelectionManager.java:160)
[KKoishi_ErrorLogger@LogLevel:ALL][2022-04-13 12:16:48]	at java.desktop/javax.swing.plaf.basic.BasicPopupMenuUI$MouseGrabber.cancelPopupMenu(BasicPopupMenuUI.java:960)
[KKoishi_ErrorLogger@LogLevel:ALL][2022-04-13 12:16:48]	at java.desktop/javax.swing.plaf.basic.BasicPopupMenuUI$MouseGrabber.eventDispatched(BasicPopupMenuUI.java:884)
[KKoishi_ErrorLogger@LogLevel:ALL][2022-04-13 12:16:48]	at java.desktop/java.awt.Toolkit$SelectiveAWTEventListener.eventDispatched(Toolkit.java:2197)
[KKoishi_ErrorLogger@LogLevel:ALL][2022-04-13 12:16:48]	at java.desktop/java.awt.Toolkit$ToolkitEventMulticaster.eventDispatched(Toolkit.java:2089)
[KKoishi_ErrorLogger@LogLevel:ALL][2022-04-13 12:16:48]	at java.desktop/java.awt.Toolkit.notifyAWTEventListeners(Toolkit.java:2045)
[KKoishi_ErrorLogger@LogLevel:ALL][2022-04-13 12:16:48]	at java.desktop/java.awt.Component.dispatchEventImpl(Component.java:4907)
[KKoishi_ErrorLogger@LogLevel:ALL][2022-04-13 12:16:48]	at java.desktop/java.awt.Container.dispatchEventImpl(Container.java:2324)
[KKoishi_ErrorLogger@LogLevel:ALL][2022-04-13 12:16:48]	at java.desktop/java.awt.Component.dispatchEvent(Component.java:4833)
[KKoishi_ErrorLogger@LogLevel:ALL][2022-04-13 12:16:48]	at java.desktop/java.awt.LightweightDispatcher.retargetMouseEvent(Container.java:4948)
[KKoishi_ErrorLogger@LogLevel:ALL][2022-04-13 12:16:48]	at java.desktop/java.awt.LightweightDispatcher.processMouseEvent(Container.java:4572)
[KKoishi_ErrorLogger@LogLevel:ALL][2022-04-13 12:16:48]	at java.desktop/java.awt.LightweightDispatcher.dispatchEvent(Container.java:4516)
[KKoishi_ErrorLogger@LogLevel:ALL][2022-04-13 12:16:48]	at java.desktop/java.awt.Container.dispatchEventImpl(Container.java:2310)
[KKoishi_ErrorLogger@LogLevel:ALL][2022-04-13 12:16:48]	at java.desktop/java.awt.Window.dispatchEventImpl(Window.java:2780)
[KKoishi_ErrorLogger@LogLevel:ALL][2022-04-13 12:16:48]	at java.desktop/java.awt.Component.dispatchEvent(Component.java:4833)
[KKoishi_ErrorLogger@LogLevel:ALL][2022-04-13 12:16:48]	at java.desktop/java.awt.EventQueue.dispatchEventImpl(EventQueue.java:773)
[KKoishi_ErrorLogger@LogLevel:ALL][2022-04-13 12:16:48]	at java.desktop/java.awt.EventQueue$4.run(EventQueue.java:722)
[KKoishi_ErrorLogger@LogLevel:ALL][2022-04-13 12:16:48]	at java.desktop/java.awt.EventQueue$4.run(EventQueue.java:716)
[KKoishi_ErrorLogger@LogLevel:ALL][2022-04-13 12:16:48]	at java.base/java.security.AccessController.doPrivileged(AccessController.java:399)
[KKoishi_ErrorLogger@LogLevel:ALL][2022-04-13 12:16:48]	at java.base/java.security.ProtectionDomain$JavaSecurityAccessImpl.doIntersectionPrivilege(ProtectionDomain.java:86)
[KKoishi_ErrorLogger@LogLevel:ALL][2022-04-13 12:16:48]	at java.base/java.security.ProtectionDomain$JavaSecurityAccessImpl.doIntersectionPrivilege(ProtectionDomain.java:97)
[KKoishi_ErrorLogger@LogLevel:ALL][2022-04-13 12:16:48]	at java.desktop/java.awt.EventQueue$5.run(EventQueue.java:746)
[KKoishi_ErrorLogger@LogLevel:ALL][2022-04-13 12:16:48]	at java.desktop/java.awt.EventQueue$5.run(EventQueue.java:744)
[KKoishi_ErrorLogger@LogLevel:ALL][2022-04-13 12:16:48]	at java.base/java.security.AccessController.doPrivileged(AccessController.java:399)
[KKoishi_ErrorLogger@LogLevel:ALL][2022-04-13 12:16:48]	at java.base/java.security.ProtectionDomain$JavaSecurityAccessImpl.doIntersectionPrivilege(ProtectionDomain.java:86)
[KKoishi_ErrorLogger@LogLevel:ALL][2022-04-13 12:16:48]	at java.desktop/java.awt.EventQueue.dispatchEvent(EventQueue.java:743)
[KKoishi_ErrorLogger@LogLevel:ALL][2022-04-13 12:16:48]	at java.desktop/java.awt.EventDispatchThread.pumpOneEventForFilters(EventDispatchThread.java:203)
[KKoishi_ErrorLogger@LogLevel:ALL][2022-04-13 12:16:48]	at java.desktop/java.awt.EventDispatchThread.pumpEventsForFilter(EventDispatchThread.java:124)
[KKoishi_ErrorLogger@LogLevel:ALL][2022-04-13 12:16:48]	at java.desktop/java.awt.EventDispatchThread.pumpEventsForHierarchy(EventDispatchThread.java:113)
[KKoishi_ErrorLogger@LogLevel:ALL][2022-04-13 12:16:48]	at java.desktop/java.awt.EventDispatchThread.pumpEvents(EventDispatchThread.java:109)
[KKoishi_ErrorLogger@LogLevel:ALL][2022-04-13 12:16:48]	at java.desktop/java.awt.EventDispatchThread.pumpEvents(EventDispatchThread.java:101)
[KKoishi_ErrorLogger@LogLevel:ALL][2022-04-13 12:16:48]	at java.desktop/java.awt.EventDispatchThread.run(EventDispatchThread.java:90)
