[KKoishi_OutputLogger@LogLevel:ALL][2022-03-31 12:47:35]Load text pane succ:javax.swing.JTextPane[,0,0,0x0,invalid,layout=javax.swing.plaf.basic.BasicTextUI$UpdateHandler,alignmentX=0.0,alignmentY=0.0,border=javax.swing.plaf.basic.BasicBorders$MarginBorder@527740a2,flags=50331944,maximumSize=,minimumSize=,preferredSize=,caretColor=java.awt.Color[r=255,g=0,b=255],disabledTextColor=javax.swing.plaf.ColorUIResource[r=184,g=207,b=229],editable=true,margin=javax.swing.plaf.InsetsUIResource[top=3,left=3,bottom=3,right=3],selectedTextColor=sun.swing.PrintColorUIResource[r=51,g=51,b=51],selectionColor=java.awt.Color[r=255,g=175,b=175],kit=javax.swing.text.StyledEditorKit@1ff35cec,typeHandlers={text/plain=javax.swing.text.StyledEditorKit@1ff35cec}]
[KKoishi_OutputLogger@LogLevel:ALL][2022-03-31 12:47:38]Load text pane succ:javax.swing.JTextPane[,0,0,0x0,invalid,layout=javax.swing.plaf.basic.BasicTextUI$UpdateHandler,alignmentX=0.0,alignmentY=0.0,border=javax.swing.plaf.basic.BasicBorders$MarginBorder@527740a2,flags=50331944,maximumSize=,minimumSize=,preferredSize=,caretColor=java.awt.Color[r=255,g=0,b=255],disabledTextColor=javax.swing.plaf.ColorUIResource[r=184,g=207,b=229],editable=true,margin=javax.swing.plaf.InsetsUIResource[top=3,left=3,bottom=3,right=3],selectedTextColor=sun.swing.PrintColorUIResource[r=51,g=51,b=51],selectionColor=java.awt.Color[r=255,g=175,b=175],kit=javax.swing.text.StyledEditorKit@55712f6b,typeHandlers={text/plain=javax.swing.text.StyledEditorKit@55712f6b}]
[KKoishi_OutputLogger@LogLevel:ALL][2022-03-31 12:48:05]Closing the frame
[KKoishi_OutputLogger@LogLevel:ALL][2022-03-31 12:48:05]Succ to uninstall comp and threads.
[KKoishi_OutputLogger@LogLevel:ALL][2022-03-31 12:49:10]Decode data in dat file state:true
[KKoishi_OutputLogger@LogLevel:ALL][2022-03-31 12:49:10]Delete temp file state:true
[KKoishi_OutputLogger@LogLevel:ALL][2022-03-31 12:49:10]Delete temp file state:true
[KKoishi_OutputLogger@LogLevel:ALL][2022-03-31 12:49:11]Load text pane succ:javax.swing.JTextPane[,0,0,0x0,invalid,layout=javax.swing.plaf.basic.BasicTextUI$UpdateHandler,alignmentX=0.0,alignmentY=0.0,border=javax.swing.plaf.basic.BasicBorders$MarginBorder@527740a2,flags=50331944,maximumSize=,minimumSize=,preferredSize=,caretColor=java.awt.Color[r=255,g=0,b=255],disabledTextColor=javax.swing.plaf.ColorUIResource[r=184,g=207,b=229],editable=true,margin=javax.swing.plaf.InsetsUIResource[top=3,left=3,bottom=3,right=3],selectedTextColor=sun.swing.PrintColorUIResource[r=51,g=51,b=51],selectionColor=java.awt.Color[r=255,g=175,b=175],kit=javax.swing.text.StyledEditorKit@dc24521,typeHandlers={text/plain=javax.swing.text.StyledEditorKit@dc24521}]
[KKoishi_OutputLogger@LogLevel:ALL][2022-03-31 12:49:11]Reading word:const
[KKoishi_OutputLogger@LogLevel:ALL][2022-03-31 12:49:11]Reading word:for
[KKoishi_OutputLogger@LogLevel:ALL][2022-03-31 12:49:11]Reading word:while
[KKoishi_OutputLogger@LogLevel:ALL][2022-03-31 12:49:11]Reading word:final
[KKoishi_OutputLogger@LogLevel:ALL][2022-03-31 12:49:11]Reading word:static
[KKoishi_OutputLogger@LogLevel:ALL][2022-03-31 12:49:11]Reading word:public
[KKoishi_OutputLogger@LogLevel:ALL][2022-03-31 12:49:11]Reading word:private
[KKoishi_OutputLogger@LogLevel:ALL][2022-03-31 12:49:11]Reading word:class
[KKoishi_OutputLogger@LogLevel:ALL][2022-03-31 12:49:11]Reading word:struct
[KKoishi_OutputLogger@LogLevel:ALL][2022-03-31 12:49:11]Reading word:if
[KKoishi_OutputLogger@LogLevel:ALL][2022-03-31 12:49:11]Reading word:new
[KKoishi_OutputLogger@LogLevel:ALL][2022-03-31 12:49:11]Reading word:import
[KKoishi_OutputLogger@LogLevel:ALL][2022-03-31 12:49:11]Reading word:include
[KKoishi_OutputLogger@LogLevel:ALL][2022-03-31 12:49:11]Reading word:std
[KKoishi_OutputLogger@LogLevel:ALL][2022-03-31 12:49:11]Reading word:java
[KKoishi_OutputLogger@LogLevel:ALL][2022-03-31 12:49:11]Reading word:kotlin
[KKoishi_OutputLogger@LogLevel:ALL][2022-03-31 12:49:11]Reading word:io
[KKoishi_OutputLogger@LogLevel:ALL][2022-03-31 12:49:11]Reading word:main
[KKoishi_OutputLogger@LogLevel:ALL][2022-03-31 12:49:11]Reading word:int
[KKoishi_OutputLogger@LogLevel:ALL][2022-03-31 12:49:11]Reading word:char
[KKoishi_OutputLogger@LogLevel:ALL][2022-03-31 12:49:11]Reading word:long
[KKoishi_OutputLogger@LogLevel:ALL][2022-03-31 12:49:11]Reading word:unsigned
[KKoishi_OutputLogger@LogLevel:ALL][2022-03-31 12:49:11]Reading word:bool
[KKoishi_OutputLogger@LogLevel:ALL][2022-03-31 12:49:11]Reading word:boolean
[KKoishi_OutputLogger@LogLevel:ALL][2022-03-31 12:49:11]Reading word:short
[KKoishi_OutputLogger@LogLevel:ALL][2022-03-31 12:49:11]Reading word:float
[KKoishi_OutputLogger@LogLevel:ALL][2022-03-31 12:49:11]Reading word:double
[KKoishi_OutputLogger@LogLevel:ALL][2022-03-31 12:49:11]Reading word:auto
[KKoishi_OutputLogger@LogLevel:ALL][2022-03-31 12:49:11]Reading word:var
[KKoishi_OutputLogger@LogLevel:ALL][2022-03-31 12:49:11]Reading word:else
[KKoishi_OutputLogger@LogLevel:ALL][2022-03-31 12:49:11]Reading word:sizeof
[KKoishi_OutputLogger@LogLevel:ALL][2022-03-31 12:49:11]Reading word:nullptr
[KKoishi_OutputLogger@LogLevel:ALL][2022-03-31 12:49:11]Reading word:util
[KKoishi_OutputLogger@LogLevel:ALL][2022-03-31 12:49:11]Reading word:lang
[KKoishi_OutputLogger@LogLevel:ALL][2022-03-31 12:49:11]Reading word:throws
[KKoishi_OutputLogger@LogLevel:ALL][2022-03-31 12:49:11]Reading word:break
[KKoishi_OutputLogger@LogLevel:ALL][2022-03-31 12:49:11]Reading word:goto
[KKoishi_OutputLogger@LogLevel:ALL][2022-03-31 12:49:11]Reading word:continue
[KKoishi_OutputLogger@LogLevel:ALL][2022-03-31 12:49:11]Reading word:void
[KKoishi_OutputLogger@LogLevel:ALL][2022-03-31 12:49:11]Reading word:args
[KKoishi_OutputLogger@LogLevel:ALL][2022-03-31 12:49:11]Reading word:string
[KKoishi_OutputLogger@LogLevel:ALL][2022-03-31 12:49:11]Reading word:clone
[KKoishi_OutputLogger@LogLevel:ALL][2022-03-31 12:49:11]Reading word:byte
[KKoishi_OutputLogger@LogLevel:ALL][2022-03-31 12:49:11]Reading word:yield
[KKoishi_OutputLogger@LogLevel:ALL][2022-03-31 12:49:11]Reading word:kkoishi
[KKoishi_OutputLogger@LogLevel:ALL][2022-03-31 12:49:11]Reading word:out
[KKoishi_OutputLogger@LogLevel:ALL][2022-03-31 12:49:11]Reading word:cout
[KKoishi_OutputLogger@LogLevel:ALL][2022-03-31 12:49:11]Reading word:cin
[KKoishi_OutputLogger@LogLevel:ALL][2022-03-31 12:49:11]Reading word:in
[KKoishi_OutputLogger@LogLevel:ALL][2022-03-31 12:49:11]Reading word:print
[KKoishi_OutputLogger@LogLevel:ALL][2022-03-31 12:49:11]Reading word:println
[KKoishi_OutputLogger@LogLevel:ALL][2022-03-31 12:49:11]Reading word:scanf
[KKoishi_OutputLogger@LogLevel:ALL][2022-03-31 12:49:11]Reading word:printf
[KKoishi_OutputLogger@LogLevel:ALL][2022-03-31 12:49:11]Reading word:switch
[KKoishi_OutputLogger@LogLevel:ALL][2022-03-31 12:49:11]Reading word:case
[KKoishi_OutputLogger@LogLevel:ALL][2022-03-31 12:49:11]Reading word:extend
[KKoishi_OutputLogger@LogLevel:ALL][2022-03-31 12:49:11]Reading word:interface
[KKoishi_OutputLogger@LogLevel:ALL][2022-03-31 12:49:11]Reading word:abstract
[KKoishi_OutputLogger@LogLevel:ALL][2022-03-31 12:49:11]Reading word:false
[KKoishi_OutputLogger@LogLevel:ALL][2022-03-31 12:49:11]Reading word:throw
[KKoishi_OutputLogger@LogLevel:ALL][2022-03-31 12:49:11]Reading word:enum
[KKoishi_OutputLogger@LogLevel:ALL][2022-03-31 12:49:11]Reading word:length
[KKoishi_OutputLogger@LogLevel:ALL][2022-03-31 12:49:11]Reading word:exit
[KKoishi_OutputLogger@LogLevel:ALL][2022-03-31 12:49:11]Finish load Trie from Dict.
[KKoishi_OutputLogger@LogLevel:ALL][2022-03-31 12:49:11]Creating MenuItem:Save(Ctrl+S)->Key Stroke:ctrl pressed S
[KKoishi_OutputLogger@LogLevel:ALL][2022-03-31 12:49:11]Creating MenuItem:Save As(Shift+S)->Key Stroke:shift pressed S
[KKoishi_OutputLogger@LogLevel:ALL][2022-03-31 12:49:11]Creating MenuItem:New Frame(Shift+N)->Key Stroke:shift pressed N
[KKoishi_OutputLogger@LogLevel:ALL][2022-03-31 12:49:11]Creating MenuItem:New Frame and Create(Ctrl+N)->Key Stroke:ctrl pressed N
[KKoishi_OutputLogger@LogLevel:ALL][2022-03-31 12:49:11]Creating MenuItem:Open(Ctrl+O)->Key Stroke:ctrl pressed O
[KKoishi_OutputLogger@LogLevel:ALL][2022-03-31 12:49:11]Creating MenuItem:Exit(Alt+X)->Key Stroke:alt pressed X
[KKoishi_OutputLogger@LogLevel:ALL][2022-03-31 12:49:11]Creating MenuItem:Font(Alt+F)->Key Stroke:alt pressed F
[KKoishi_OutputLogger@LogLevel:ALL][2022-03-31 12:49:11]Creating MenuItem:Insert Date(Alt+D)->Key Stroke:alt pressed D
[KKoishi_OutputLogger@LogLevel:ALL][2022-03-31 12:49:11]Creating MenuItem:Switch Language To Chinese(Alt+S)->Key Stroke:alt pressed S
[KKoishi_OutputLogger@LogLevel:ALL][2022-03-31 12:49:11]Creating MenuItem:Output Log Viewer->Key Stroke:ctrl pressed P
[KKoishi_OutputLogger@LogLevel:ALL][2022-03-31 12:49:11]Creating MenuItem:Error Log Viewer->Key Stroke:alt pressed P
[KKoishi_OutputLogger@LogLevel:ALL][2022-03-31 12:49:11]Creating MenuItem:Report Error(Alt+M)->Key Stroke:alt pressed M
[KKoishi_OutputLogger@LogLevel:ALL][2022-03-31 12:49:11]Creating MenuItem:Clear Output Log(Ctrl+C)->Key Stroke:ctrl pressed L
[KKoishi_OutputLogger@LogLevel:ALL][2022-03-31 12:49:11]Creating MenuItem:Clear Error Log(Shift+C)->Key Stroke:shift pressed L
[KKoishi_OutputLogger@LogLevel:ALL][2022-03-31 12:49:11]Creating MenuItem:Clear All log(Alt+C)->Key Stroke:alt pressed C
[KKoishi_OutputLogger@LogLevel:ALL][2022-03-31 12:49:11]Creating MenuItem:Help Document(Ctrl+H)->Key Stroke:alt pressed H
[KKoishi_OutputLogger@LogLevel:ALL][2022-03-31 12:49:11]Loading comp...
[KKoishi_OutputLogger@LogLevel:ALL][2022-03-31 12:49:11]Initialing threads...
[KKoishi_OutputLogger@LogLevel:ALL][2022-03-31 12:49:11]Finish init editor core!
[KKoishi_OutputLogger@LogLevel:ALL][2022-03-31 12:49:11]Successfully load icons!
[KKoishi_OutputLogger@LogLevel:ALL][2022-03-31 12:49:11]Start env threads.
[KKoishi_OutputLogger@LogLevel:ALL][2022-03-31 12:49:16]Load text pane succ:javax.swing.JTextPane[,0,0,0x0,invalid,layout=javax.swing.plaf.basic.BasicTextUI$UpdateHandler,alignmentX=0.0,alignmentY=0.0,border=javax.swing.plaf.basic.BasicBorders$MarginBorder@527740a2,flags=50331944,maximumSize=,minimumSize=,preferredSize=,caretColor=java.awt.Color[r=255,g=0,b=255],disabledTextColor=javax.swing.plaf.ColorUIResource[r=184,g=207,b=229],editable=true,margin=javax.swing.plaf.InsetsUIResource[top=3,left=3,bottom=3,right=3],selectedTextColor=sun.swing.PrintColorUIResource[r=51,g=51,b=51],selectionColor=java.awt.Color[r=255,g=175,b=175],kit=javax.swing.text.StyledEditorKit@6584bb7a,typeHandlers={text/plain=javax.swing.text.StyledEditorKit@6584bb7a}]
[KKoishi_OutputLogger@LogLevel:ALL][2022-03-31 12:49:21]Closing the frame
[KKoishi_OutputLogger@LogLevel:ALL][2022-03-31 12:49:21]Succ to uninstall comp and threads.
